<?xml version="1.0" encoding="UTF-8"?>
<testsuite xmlns:xsi="http://www.w3.org/2001/XMLSchema-instance" xsi:noNamespaceSchemaLocation="https://maven.apache.org/surefire/maven-surefire-plugin/xsd/surefire-test-report-3.0.xsd" version="3.0" name="bankaccount.TestBank" time="0.076" tests="11" errors="0" skipped="0" failures="3">
  <properties>
[...]
</properties>
  <testcase name="pendingReturnAmountForMoreThan0Months" classname="bankaccount.TestBank" time="0.026"/>
  <testcase name="depositPositiveAmountReturnBalancePlusAmount" classname="bankaccount.TestBank" time="0.0"/>
  <testcase name="withdrawMoneyLessThanBalanceShouldReturnTrue" classname="bankaccount.TestBank" time="0.0"/>
  <testcase name="withdrawNegativeAmountThrowsIllegalArgumentException" classname="bankaccount.TestBank" time="0.006">
    <failure message="Expected java.lang.IllegalArgumentException to be thrown, but nothing was thrown." type="org.opentest4j.AssertionFailedError"><![CDATA[org.opentest4j.AssertionFailedError: Expected java.lang.IllegalArgumentException to be thrown, but nothing was thrown.
	at org.junit.jupiter.api.AssertionFailureBuilder.build(AssertionFailureBuilder.java:152)
	at org.junit.jupiter.api.AssertThrows.assertThrows(AssertThrows.java:73)
	at org.junit.jupiter.api.AssertThrows.assertThrows(AssertThrows.java:35)
	at org.junit.jupiter.api.Assertions.assertThrows(Assertions.java:3115)
	at bankaccount.TestBank.withdrawNegativeAmountThrowsIllegalArgumentException(TestBank.java:44)
	at java.base/java.lang.reflect.Method.invoke(Method.java:578)
	at java.base/java.util.ArrayList.forEach(ArrayList.java:1511)
	at java.base/java.util.ArrayList.forEach(ArrayList.java:1511)
]]></failure>
  </testcase>
  <testcase name="pendingReturnAmountFor0Months" classname="bankaccount.TestBank" time="0.001"/>
  <testcase name="pendingNegativeValuesThrowsIllegalArgumentException" classname="bankaccount.TestBank" time="0.006">
    <failure message="Unexpected exception type thrown, expected: &lt;java.lang.IllegalArgumentException&gt; but was: &lt;java.lang.StackOverflowError&gt;" type="org.opentest4j.AssertionFailedError"><![CDATA[org.opentest4j.AssertionFailedError: Unexpected exception type thrown, expected: <java.lang.IllegalArgumentException> but was: <java.lang.StackOverflowError>
	at org.junit.jupiter.api.AssertionFailureBuilder.build(AssertionFailureBuilder.java:151)
	at org.junit.jupiter.api.AssertThrows.assertThrows(AssertThrows.java:67)
	at org.junit.jupiter.api.AssertThrows.assertThrows(AssertThrows.java:35)
	at org.junit.jupiter.api.Assertions.assertThrows(Assertions.java:3115)
	at bankaccount.TestBank.pendingNegativeValuesThrowsIllegalArgumentException(TestBank.java:134)
	at java.base/java.lang.reflect.Method.invoke(Method.java:578)
	at java.base/java.util.ArrayList.forEach(ArrayList.java:1511)
	at java.base/java.util.ArrayList.forEach(ArrayList.java:1511)
Caused by: java.lang.StackOverflowError
	at com.bankaccount.BankAccount.pending(BankAccount.java:37)
	at com.bankaccount.BankAccount.pending(BankAccount.java:37)
	at com.bankaccount.BankAccount.pending(BankAccount.java:37)
	at com.bankaccount.BankAccount.pending(BankAccount.java:37)
	at com.bankaccount.BankAccount.pending(BankAccount.java:37)
	at com.bankaccount.BankAccount.pending(BankAccount.java:37)
	at com.bankaccount.BankAccount.pending(BankAccount.java:37)
	at com.bankaccount.BankAccount.pending(BankAccount.java:37)
	at com.bankaccount.BankAccount.pending(BankAccount.java:37)
	at com.bankaccount.BankAccount.pending(BankAccount.java:37)
	at com.bankaccount.BankAccount.pending(BankAccount.java:37)
	at com.bankaccount.BankAccount.pending(BankAccount.java:37)
	at com.bankaccount.BankAccount.pending(BankAccount.java:37)
	at com.bankaccount.BankAccount.pending(BankAccount.java:37)
	at com.bankaccount.BankAccount.pending(BankAccount.java:37)
	at com.bankaccount.BankAccount.pending(BankAccount.java:37)
	at com.bankaccount.BankAccount.pending(BankAccount.java:37)
	at com.bankaccount.BankAccount.pending(BankAccount.java:37)
	at com.bankaccount.BankAccount.pending(BankAccount.java:37)
	at com.bankaccount.BankAccount.pending(BankAccount.java:37)
	at com.bankaccount.BankAccount.pending(BankAccount.java:37)
	at com.bankaccount.BankAccount.pending(BankAccount.java:37)
	at com.bankaccount.BankAccount.pending(BankAccount.java:37)
	at com.bankaccount.BankAccount.pending(BankAccount.java:37)
	at com.bankaccount.BankAccount.pending(BankAccount.java:37)
	at com.bankaccount.BankAccount.pending(BankAccount.java:37)
	at com.bankaccount.BankAccount.pending(BankAccount.java:37)
	at com.bankaccount.BankAccount.pending(BankAccount.java:37)
	at com.bankaccount.BankAccount.pending(BankAccount.java:37)
	at com.bankaccount.BankAccount.pending(BankAccount.java:37)
	at com.bankaccount.BankAccount.pending(BankAccount.java:37)
	at com.bankaccount.BankAccount.pending(BankAccount.java:37)
	at com.bankaccount.BankAccount.pending(BankAccount.java:37)
	at com.bankaccount.BankAccount.pending(BankAccount.java:37)
	at com.bankaccount.BankAccount.pending(BankAccount.java:37)
	at com.bankaccount.BankAccount.pending(BankAccount.java:37)
	at com.bankaccount.BankAccount.pending(BankAccount.java:37)
	at com.bankaccount.BankAccount.pending(BankAccount.java:37)
	at com.bankaccount.BankAccount.pending(BankAccount.java:37)
	at com.bankaccount.BankAccount.pending(BankAccount.java:37)
	at com.bankaccount.BankAccount.pending(BankAccount.java:37)
	at com.bankaccount.BankAccount.pending(BankAccount.java:37)
	at com.bankaccount.BankAccount.pending(BankAccount.java:37)
	at com.bankaccount.BankAccount.pending(BankAccount.java:37)
	at com.bankaccount.BankAccount.pending(BankAccount.java:37)
	at com.bankaccount.BankAccount.pending(BankAccount.java:37)
	at com.bankaccount.BankAccount.pending(BankAccount.java:37)
	at com.bankaccount.BankAccount.pending(BankAccount.java:37)
	at com.bankaccount.BankAccount.pending(BankAccount.java:37)
	at com.bankaccount.BankAccount.pending(BankAccount.java:37)
	at com.bankaccount.BankAccount.pending(BankAccount.java:37)
	at com.bankaccount.BankAccount.pending(BankAccount.java:37)
	at com.bankaccount.BankAccount.pending(BankAccount.java:37)
	at com.bankaccount.BankAccount.pending(BankAccount.java:37)
	at com.bankaccount.BankAccount.pending(BankAccount.java:37)
	at com.bankaccount.BankAccount.pending(BankAccount.java:37)
	at com.bankaccount.BankAccount.pending(BankAccount.java:37)
	at com.bankaccount.BankAccount.pending(BankAccount.java:37)
	at com.bankaccount.BankAccount.pending(BankAccount.java:37)
	at com.bankaccount.BankAccount.pending(BankAccount.java:37)
	at com.bankaccount.BankAccount.pending(BankAccount.java:37)
	at com.bankaccount.BankAccount.pending(BankAccount.java:37)
	at com.bankaccount.BankAccount.pending(BankAccount.java:37)
	at com.bankaccount.BankAccount.pending(BankAccount.java:37)
	at com.bankaccount.BankAccount.pending(BankAccount.java:37)
	at com.bankaccount.BankAccount.pending(BankAccount.java:37)
	at com.bankaccount.BankAccount.pending(BankAccount.java:37)
	at com.bankaccount.BankAccount.pending(BankAccount.java:37)
	at com.bankaccount.BankAccount.pending(BankAccount.java:37)
	at com.bankaccount.BankAccount.pending(BankAccount.java:37)
	at com.bankaccount.BankAccount.pending(BankAccount.java:37)
	at com.bankaccount.BankAccount.pending(BankAccount.java:37)
	at com.bankaccount.BankAccount.pending(BankAccount.java:37)
	at com.bankaccount.BankAccount.pending(BankAccount.java:37)
	at com.bankaccount.BankAccount.pending(BankAccount.java:37)
	at com.bankaccount.BankAccount.pending(BankAccount.java:37)
	at com.bankaccount.BankAccount.pending(BankAccount.java:37)
	at com.bankaccount.BankAccount.pending(BankAccount.java:37)
	at com.bankaccount.BankAccount.pending(BankAccount.java:37)
	at com.bankaccount.BankAccount.pending(BankAccount.java:37)
	at com.bankaccount.BankAccount.pending(BankAccount.java:37)
	at com.bankaccount.BankAccount.pending(BankAccount.java:37)
	at com.bankaccount.BankAccount.pending(BankAccount.java:37)
	at com.bankaccount.BankAccount.pending(BankAccount.java:37)
	at com.bankaccount.BankAccount.pending(BankAccount.java:37)
	at com.bankaccount.BankAccount.pending(BankAccount.java:37)
	at com.bankaccount.BankAccount.pending(BankAccount.java:37)
	at com.bankaccount.BankAccount.pending(BankAccount.java:37)
	at com.bankaccount.BankAccount.pending(BankAccount.java:37)
	at com.bankaccount.BankAccount.pending(BankAccount.java:37)
	at com.bankaccount.BankAccount.pending(BankAccount.java:37)
	at com.bankaccount.BankAccount.pending(BankAccount.java:37)
	at com.bankaccount.BankAccount.pending(BankAccount.java:37)
	at com.bankaccount.BankAccount.pending(BankAccount.java:37)
	at com.bankaccount.BankAccount.pending(BankAccount.java:37)
	at com.bankaccount.BankAccount.pending(BankAccount.java:37)
	at com.bankaccount.BankAccount.pending(BankAccount.java:37)
	at com.bankaccount.BankAccount.pending(BankAccount.java:37)
	at com.bankaccount.BankAccount.pending(BankAccount.java:37)
	at com.bankaccount.BankAccount.pending(BankAccount.java:37)
	at com.bankaccount.BankAccount.pending(BankAccount.java:37)
	at com.bankaccount.BankAccount.pending(BankAccount.java:37)
	at com.bankaccount.BankAccount.pending(BankAccount.java:37)
	at com.bankaccount.BankAccount.pending(BankAccount.java:37)
	at com.bankaccount.BankAccount.pending(BankAccount.java:37)
	at com.bankaccount.BankAccount.pending(BankAccount.java:37)
	at com.bankaccount.BankAccount.pending(BankAccount.java:37)
	at com.bankaccount.BankAccount.pending(BankAccount.java:37)
	at com.bankaccount.BankAccount.pending(BankAccount.java:37)
	at com.bankaccount.BankAccount.pending(BankAccount.java:37)
	at com.bankaccount.BankAccount.pending(BankAccount.java:37)
	at com.bankaccount.BankAccount.pending(BankAccount.java:37)
	at com.bankaccount.BankAccount.pending(BankAccount.java:37)
	at com.bankaccount.BankAccount.pending(BankAccount.java:37)
	at com.bankaccount.BankAccount.pending(BankAccount.java:37)
	at com.bankaccount.BankAccount.pending(BankAccount.java:37)
	at com.bankaccount.BankAccount.pending(BankAccount.java:37)
	at com.bankaccount.BankAccount.pending(BankAccount.java:37)
	at com.bankaccount.BankAccount.pending(BankAccount.java:37)
	at com.bankaccount.BankAccount.pending(BankAccount.java:37)
	at com.bankaccount.BankAccount.pending(BankAccount.java:37)
	at com.bankaccount.BankAccount.pending(BankAccount.java:37)
	at com.bankaccount.BankAccount.pending(BankAccount.java:37)
	at com.bankaccount.BankAccount.pending(BankAccount.java:37)
	at com.bankaccount.BankAccount.pending(BankAccount.java:37)
	at com.bankaccount.BankAccount.pending(BankAccount.java:37)
	at com.bankaccount.BankAccount.pending(BankAccount.java:37)
	at com.bankaccount.BankAccount.pending(BankAccount.java:37)
	at com.bankaccount.BankAccount.pending(BankAccount.java:37)
	at com.bankaccount.BankAccount.pending(BankAccount.java:37)
	at com.bankaccount.BankAccount.pending(BankAccount.java:37)
	at com.bankaccount.BankAccount.pending(BankAccount.java:37)
	at com.bankaccount.BankAccount.pending(BankAccount.java:37)
	at com.bankaccount.BankAccount.pending(BankAccount.java:37)
	at com.bankaccount.BankAccount.pending(BankAccount.java:37)
	at com.bankaccount.BankAccount.pending(BankAccount.java:37)
	at com.bankaccount.BankAccount.pending(BankAccount.java:37)
	at com.bankaccount.BankAccount.pending(BankAccount.java:37)
	at com.bankaccount.BankAccount.pending(BankAccount.java:37)
	at com.bankaccount.BankAccount.pending(BankAccount.java:37)
	at com.bankaccount.BankAccount.pending(BankAccount.java:37)
	at com.bankaccount.BankAccount.pending(BankAccount.java:37)
	at com.bankaccount.BankAccount.pending(BankAccount.java:37)
	at com.bankaccount.BankAccount.pending(BankAccount.java:37)
	at com.bankaccount.BankAccount.pending(BankAccount.java:37)
	at com.bankaccount.BankAccount.pending(BankAccount.java:37)
	at com.bankaccount.BankAccount.pending(BankAccount.java:37)
	at com.bankaccount.BankAccount.pending(BankAccount.java:37)
	at com.bankaccount.BankAccount.pending(BankAccount.java:37)
	at com.bankaccount.BankAccount.pending(BankAccount.java:37)
	at com.bankaccount.BankAccount.pending(BankAccount.java:37)
	at com.bankaccount.BankAccount.pending(BankAccount.java:37)
	at com.bankaccount.BankAccount.pending(BankAccount.java:37)
	at com.bankaccount.BankAccount.pending(BankAccount.java:37)
	at com.bankaccount.BankAccount.pending(BankAccount.java:37)
	at com.bankaccount.BankAccount.pending(BankAccount.java:37)
	at com.bankaccount.BankAccount.pending(BankAccount.java:37)
	at com.bankaccount.BankAccount.pending(BankAccount.java:37)
	at com.bankaccount.BankAccount.pending(BankAccount.java:37)
	at com.bankaccount.BankAccount.pending(BankAccount.java:37)
	at com.bankaccount.BankAccount.pending(BankAccount.java:37)
	at com.bankaccount.BankAccount.pending(BankAccount.java:37)
	at com.bankaccount.BankAccount.pending(BankAccount.java:37)
	at com.bankaccount.BankAccount.pending(BankAccount.java:37)
	at com.bankaccount.BankAccount.pending(BankAccount.java:37)
	at com.bankaccount.BankAccount.pending(BankAccount.java:37)
	at com.bankaccount.BankAccount.pending(BankAccount.java:37)
	at com.bankaccount.BankAccount.pending(BankAccount.java:37)
	at com.bankaccount.BankAccount.pending(BankAccount.java:37)
	at com.bankaccount.BankAccount.pending(BankAccount.java:37)
	at com.bankaccount.BankAccount.pending(BankAccount.java:37)
	at com.bankaccount.BankAccount.pending(BankAccount.java:37)
	at com.bankaccount.BankAccount.pending(BankAccount.java:37)
	at com.bankaccount.BankAccount.pending(BankAccount.java:37)
	at com.bankaccount.BankAccount.pending(BankAccount.java:37)
	at com.bankaccount.BankAccount.pending(BankAccount.java:37)
	at com.bankaccount.BankAccount.pending(BankAccount.java:37)
	at com.bankaccount.BankAccount.pending(BankAccount.java:37)
	at com.bankaccount.BankAccount.pending(BankAccount.java:37)
	at com.bankaccount.BankAccount.pending(BankAccount.java:37)
	at com.bankaccount.BankAccount.pending(BankAccount.java:37)
	at com.bankaccount.BankAccount.pending(BankAccount.java:37)
	at com.bankaccount.BankAccount.pending(BankAccount.java:37)
	at com.bankaccount.BankAccount.pending(BankAccount.java:37)
	at com.bankaccount.BankAccount.pending(BankAccount.java:37)
	at com.bankaccount.BankAccount.pending(BankAccount.java:37)
	at com.bankaccount.BankAccount.pending(BankAccount.java:37)
	at com.bankaccount.BankAccount.pending(BankAccount.java:37)
	at com.bankaccount.BankAccount.pending(BankAccount.java:37)
	at com.bankaccount.BankAccount.pending(BankAccount.java:37)
	at com.bankaccount.BankAccount.pending(BankAccount.java:37)
	at com.bankaccount.BankAccount.pending(BankAccount.java:37)
	at com.bankaccount.BankAccount.pending(BankAccount.java:37)
	at com.bankaccount.BankAccount.pending(BankAccount.java:37)
	at com.bankaccount.BankAccount.pending(BankAccount.java:37)
	at com.bankaccount.BankAccount.pending(BankAccount.java:37)
	at com.bankaccount.BankAccount.pending(BankAccount.java:37)
	at com.bankaccount.BankAccount.pending(BankAccount.java:37)
	at com.bankaccount.BankAccount.pending(BankAccount.java:37)
	at com.bankaccount.BankAccount.pending(BankAccount.java:37)
	at com.bankaccount.BankAccount.pending(BankAccount.java:37)
	at com.bankaccount.BankAccount.pending(BankAccount.java:37)
	at com.bankaccount.BankAccount.pending(BankAccount.java:37)
	at com.bankaccount.BankAccount.pending(BankAccount.java:37)
	at com.bankaccount.BankAccount.pending(BankAccount.java:37)
	at com.bankaccount.BankAccount.pending(BankAccount.java:37)
	at com.bankaccount.BankAccount.pending(BankAccount.java:37)
	at com.bankaccount.BankAccount.pending(BankAccount.java:37)
	at com.bankaccount.BankAccount.pending(BankAccount.java:37)
	at com.bankaccount.BankAccount.pending(BankAccount.java:37)
	at com.bankaccount.BankAccount.pending(BankAccount.java:37)
	at com.bankaccount.BankAccount.pending(BankAccount.java:37)
	at com.bankaccount.BankAccount.pending(BankAccount.java:37)
	at com.bankaccount.BankAccount.pending(BankAccount.java:37)
	at com.bankaccount.BankAccount.pending(BankAccount.java:37)
	at com.bankaccount.BankAccount.pending(BankAccount.java:37)
	at com.bankaccount.BankAccount.pending(BankAccount.java:37)
	at com.bankaccount.BankAccount.pending(BankAccount.java:37)
	at com.bankaccount.BankAccount.pending(BankAccount.java:37)
	at com.bankaccount.BankAccount.pending(BankAccount.java:37)
	at com.bankaccount.BankAccount.pending(BankAccount.java:37)
	at com.bankaccount.BankAccount.pending(BankAccount.java:37)
	at com.bankaccount.BankAccount.pending(BankAccount.java:37)
	at com.bankaccount.BankAccount.pending(BankAccount.java:37)
	at com.bankaccount.BankAccount.pending(BankAccount.java:37)
	at com.bankaccount.BankAccount.pending(BankAccount.java:37)
	at com.bankaccount.BankAccount.pending(BankAccount.java:37)
	at com.bankaccount.BankAccount.pending(BankAccount.java:37)
	at com.bankaccount.BankAccount.pending(BankAccount.java:37)
	at com.bankaccount.BankAccount.pending(BankAccount.java:37)
	at com.bankaccount.BankAccount.pending(BankAccount.java:37)
	at com.bankaccount.BankAccount.pending(BankAccount.java:37)
	at com.bankaccount.BankAccount.pending(BankAccount.java:37)
	at com.bankaccount.BankAccount.pending(BankAccount.java:37)
	at com.bankaccount.BankAccount.pending(BankAccount.java:37)
	at com.bankaccount.BankAccount.pending(BankAccount.java:37)
	at com.bankaccount.BankAccount.pending(BankAccount.java:37)
	at com.bankaccount.BankAccount.pending(BankAccount.java:37)
	at com.bankaccount.BankAccount.pending(BankAccount.java:37)
	at com.bankaccount.BankAccount.pending(BankAccount.java:37)
	at com.bankaccount.BankAccount.pending(BankAccount.java:37)
	at com.bankaccount.BankAccount.pending(BankAccount.java:37)
	at com.bankaccount.BankAccount.pending(BankAccount.java:37)
	at com.bankaccount.BankAccount.pending(BankAccount.java:37)
	at com.bankaccount.BankAccount.pending(BankAccount.java:37)
	at com.bankaccount.BankAccount.pending(BankAccount.java:37)
	at com.bankaccount.BankAccount.pending(BankAccount.java:37)
	at com.bankaccount.BankAccount.pending(BankAccount.java:37)
	at com.bankaccount.BankAccount.pending(BankAccount.java:37)
	at com.bankaccount.BankAccount.pending(BankAccount.java:37)
	at com.bankaccount.BankAccount.pending(BankAccount.java:37)
	at com.bankaccount.BankAccount.pending(BankAccount.java:37)
	at com.bankaccount.BankAccount.pending(BankAccount.java:37)
	at com.bankaccount.BankAccount.pending(BankAccount.java:37)
	at com.bankaccount.BankAccount.pending(BankAccount.java:37)
	at com.bankaccount.BankAccount.pending(BankAccount.java:37)
	at com.bankaccount.BankAccount.pending(BankAccount.java:37)
	at com.bankaccount.BankAccount.pending(BankAccount.java:37)
	at com.bankaccount.BankAccount.pending(BankAccount.java:37)
	at com.bankaccount.BankAccount.pending(BankAccount.java:37)
	at com.bankaccount.BankAccount.pending(BankAccount.java:37)
	at com.bankaccount.BankAccount.pending(BankAccount.java:37)
	at com.bankaccount.BankAccount.pending(BankAccount.java:37)
	at com.bankaccount.BankAccount.pending(BankAccount.java:37)
	at com.bankaccount.BankAccount.pending(BankAccount.java:37)
	at com.bankaccount.BankAccount.pending(BankAccount.java:37)
	at com.bankaccount.BankAccount.pending(BankAccount.java:37)
	at com.bankaccount.BankAccount.pending(BankAccount.java:37)
	at com.bankaccount.BankAccount.pending(BankAccount.java:37)
	at com.bankaccount.BankAccount.pending(BankAccount.java:37)
	at com.bankaccount.BankAccount.pending(BankAccount.java:37)
	at com.bankaccount.BankAccount.pending(BankAccount.java:37)
	at com.bankaccount.BankAccount.pending(BankAccount.java:37)
	at com.bankaccount.BankAccount.pending(BankAccount.java:37)
	at com.bankaccount.BankAccount.pending(BankAccount.java:37)
	at com.bankaccount.BankAccount.pending(BankAccount.java:37)
	at com.bankaccount.BankAccount.pending(BankAccount.java:37)
	at com.bankaccount.BankAccount.pending(BankAccount.java:37)
	at com.bankaccount.BankAccount.pending(BankAccount.java:37)
	at com.bankaccount.BankAccount.pending(BankAccount.java:37)
	at com.bankaccount.BankAccount.pending(BankAccount.java:37)
	at com.bankaccount.BankAccount.pending(BankAccount.java:37)
	at com.bankaccount.BankAccount.pending(BankAccount.java:37)
	at com.bankaccount.BankAccount.pending(BankAccount.java:37)
	at com.bankaccount.BankAccount.pending(BankAccount.java:37)
	at com.bankaccount.BankAccount.pending(BankAccount.java:37)
	at com.bankaccount.BankAccount.pending(BankAccount.java:37)
	at com.bankaccount.BankAccount.pending(BankAccount.java:37)
	at com.bankaccount.BankAccount.pending(BankAccount.java:37)
	at com.bankaccount.BankAccount.pending(BankAccount.java:37)
	at com.bankaccount.BankAccount.pending(BankAccount.java:37)
	at com.bankaccount.BankAccount.pending(BankAccount.java:37)
	at com.bankaccount.BankAccount.pending(BankAccount.java:37)
	at com.bankaccount.BankAccount.pending(BankAccount.java:37)
	at com.bankaccount.BankAccount.pending(BankAccount.java:37)
	at com.bankaccount.BankAccount.pending(BankAccount.java:37)
	at com.bankaccount.BankAccount.pending(BankAccount.java:37)
	at com.bankaccount.BankAccount.pending(BankAccount.java:37)
	at com.bankaccount.BankAccount.pending(BankAccount.java:37)
	at com.bankaccount.BankAccount.pending(BankAccount.java:37)
	at com.bankaccount.BankAccount.pending(BankAccount.java:37)
	at com.bankaccount.BankAccount.pending(BankAccount.java:37)
	at com.bankaccount.BankAccount.pending(BankAccount.java:37)
	at com.bankaccount.BankAccount.pending(BankAccount.java:37)
	at com.bankaccount.BankAccount.pending(BankAccount.java:37)
	at com.bankaccount.BankAccount.pending(BankAccount.java:37)
	at com.bankaccount.BankAccount.pending(BankAccount.java:37)
	at com.bankaccount.BankAccount.pending(BankAccount.java:37)
	at com.bankaccount.BankAccount.pending(BankAccount.java:37)
	at com.bankaccount.BankAccount.pending(BankAccount.java:37)
	at com.bankaccount.BankAccount.pending(BankAccount.java:37)
	at com.bankaccount.BankAccount.pending(BankAccount.java:37)
	at com.bankaccount.BankAccount.pending(BankAccount.java:37)
	at com.bankaccount.BankAccount.pending(BankAccount.java:37)
	at com.bankaccount.BankAccount.pending(BankAccount.java:37)
	at com.bankaccount.BankAccount.pending(BankAccount.java:37)
	at com.bankaccount.BankAccount.pending(BankAccount.java:37)
	at com.bankaccount.BankAccount.pending(BankAccount.java:37)
	at com.bankaccount.BankAccount.pending(BankAccount.java:37)
	at com.bankaccount.BankAccount.pending(BankAccount.java:37)
	at com.bankaccount.BankAccount.pending(BankAccount.java:37)
	at com.bankaccount.BankAccount.pending(BankAccount.java:37)
	at com.bankaccount.BankAccount.pending(BankAccount.java:37)
	at com.bankaccount.BankAccount.pending(BankAccount.java:37)
	at com.bankaccount.BankAccount.pending(BankAccount.java:37)
	at com.bankaccount.BankAccount.pending(BankAccount.java:37)
	at com.bankaccount.BankAccount.pending(BankAccount.java:37)
	at com.bankaccount.BankAccount.pending(BankAccount.java:37)
	at com.bankaccount.BankAccount.pending(BankAccount.java:37)
	at com.bankaccount.BankAccount.pending(BankAccount.java:37)
	at com.bankaccount.BankAccount.pending(BankAccount.java:37)
	at com.bankaccount.BankAccount.pending(BankAccount.java:37)
	at com.bankaccount.BankAccount.pending(BankAccount.java:37)
	at com.bankaccount.BankAccount.pending(BankAccount.java:37)
	at com.bankaccount.BankAccount.pending(BankAccount.java:37)
	at com.bankaccount.BankAccount.pending(BankAccount.java:37)
	at com.bankaccount.BankAccount.pending(BankAccount.java:37)
	at com.bankaccount.BankAccount.pending(BankAccount.java:37)
	at com.bankaccount.BankAccount.pending(BankAccount.java:37)
	at com.bankaccount.BankAccount.pending(BankAccount.java:37)
	at com.bankaccount.BankAccount.pending(BankAccount.java:37)
	at com.bankaccount.BankAccount.pending(BankAccount.java:37)
	at com.bankaccount.BankAccount.pending(BankAccount.java:37)
	at com.bankaccount.BankAccount.pending(BankAccount.java:37)
	at com.bankaccount.BankAccount.pending(BankAccount.java:37)
	at com.bankaccount.BankAccount.pending(BankAccount.java:37)
	at com.bankaccount.BankAccount.pending(BankAccount.java:37)
	at com.bankaccount.BankAccount.pending(BankAccount.java:37)
	at com.bankaccount.BankAccount.pending(BankAccount.java:37)
	at com.bankaccount.BankAccount.pending(BankAccount.java:37)
	at com.bankaccount.BankAccount.pending(BankAccount.java:37)
	at com.bankaccount.BankAccount.pending(BankAccount.java:37)
	at com.bankaccount.BankAccount.pending(BankAccount.java:37)
	at com.bankaccount.BankAccount.pending(BankAccount.java:37)
	at com.bankaccount.BankAccount.pending(BankAccount.java:37)
	at com.bankaccount.BankAccount.pending(BankAccount.java:37)
	at com.bankaccount.BankAccount.pending(BankAccount.java:37)
	at com.bankaccount.BankAccount.pending(BankAccount.java:37)
	at com.bankaccount.BankAccount.pending(BankAccount.java:37)
	at com.bankaccount.BankAccount.pending(BankAccount.java:37)
	at com.bankaccount.BankAccount.pending(BankAccount.java:37)
	at com.bankaccount.BankAccount.pending(BankAccount.java:37)
	at com.bankaccount.BankAccount.pending(BankAccount.java:37)
	at com.bankaccount.BankAccount.pending(BankAccount.java:37)
	at com.bankaccount.BankAccount.pending(BankAccount.java:37)
	at com.bankaccount.BankAccount.pending(BankAccount.java:37)
	at com.bankaccount.BankAccount.pending(BankAccount.java:37)
	at com.bankaccount.BankAccount.pending(BankAccount.java:37)
	at com.bankaccount.BankAccount.pending(BankAccount.java:37)
	at com.bankaccount.BankAccount.pending(BankAccount.java:37)
	at com.bankaccount.BankAccount.pending(BankAccount.java:37)
	at com.bankaccount.BankAccount.pending(BankAccount.java:37)
	at com.bankaccount.BankAccount.pending(BankAccount.java:37)
	at com.bankaccount.BankAccount.pending(BankAccount.java:37)
	at com.bankaccount.BankAccount.pending(BankAccount.java:37)
	at com.bankaccount.BankAccount.pending(BankAccount.java:37)
	at com.bankaccount.BankAccount.pending(BankAccount.java:37)
	at com.bankaccount.BankAccount.pending(BankAccount.java:37)
	at com.bankaccount.BankAccount.pending(BankAccount.java:37)
	at com.bankaccount.BankAccount.pending(BankAccount.java:37)
	at com.bankaccount.BankAccount.pending(BankAccount.java:37)
	at com.bankaccount.BankAccount.pending(BankAccount.java:37)
	at com.bankaccount.BankAccount.pending(BankAccount.java:37)
	at com.bankaccount.BankAccount.pending(BankAccount.java:37)
	at com.bankaccount.BankAccount.pending(BankAccount.java:37)
	at com.bankaccount.BankAccount.pending(BankAccount.java:37)
	at com.bankaccount.BankAccount.pending(BankAccount.java:37)
	at com.bankaccount.BankAccount.pending(BankAccount.java:37)
	at com.bankaccount.BankAccount.pending(BankAccount.java:37)
	at com.bankaccount.BankAccount.pending(BankAccount.java:37)
	at com.bankaccount.BankAccount.pending(BankAccount.java:37)
	at com.bankaccount.BankAccount.pending(BankAccount.java:37)
	at com.bankaccount.BankAccount.pending(BankAccount.java:37)
	at com.bankaccount.BankAccount.pending(BankAccount.java:37)
	at com.bankaccount.BankAccount.pending(BankAccount.java:37)
	at com.bankaccount.BankAccount.pending(BankAccount.java:37)
	at com.bankaccount.BankAccount.pending(BankAccount.java:37)
	at com.bankaccount.BankAccount.pending(BankAccount.java:37)
	at com.bankaccount.BankAccount.pending(BankAccount.java:37)
	at com.bankaccount.BankAccount.pending(BankAccount.java:37)
	at com.bankaccount.BankAccount.pending(BankAccount.java:37)
	at com.bankaccount.BankAccount.pending(BankAccount.java:37)
	at com.bankaccount.BankAccount.pending(BankAccount.java:37)
	at com.bankaccount.BankAccount.pending(BankAccount.java:37)
	at com.bankaccount.BankAccount.pending(BankAccount.java:37)
	at com.bankaccount.BankAccount.pending(BankAccount.java:37)
	at com.bankaccount.BankAccount.pending(BankAccount.java:37)
	at com.bankaccount.BankAccount.pending(BankAccount.java:37)
	at com.bankaccount.BankAccount.pending(BankAccount.java:37)
	at com.bankaccount.BankAccount.pending(BankAccount.java:37)
	at com.bankaccount.BankAccount.pending(BankAccount.java:37)
	at com.bankaccount.BankAccount.pending(BankAccount.java:37)
	at com.bankaccount.BankAccount.pending(BankAccount.java:37)
	at com.bankaccount.BankAccount.pending(BankAccount.java:37)
	at com.bankaccount.BankAccount.pending(BankAccount.java:37)
	at com.bankaccount.BankAccount.pending(BankAccount.java:37)
	at com.bankaccount.BankAccount.pending(BankAccount.java:37)
	at com.bankaccount.BankAccount.pending(BankAccount.java:37)
	at com.bankaccount.BankAccount.pending(BankAccount.java:37)
	at com.bankaccount.BankAccount.pending(BankAccount.java:37)
	at com.bankaccount.BankAccount.pending(BankAccount.java:37)
	at com.bankaccount.BankAccount.pending(BankAccount.java:37)
	at com.bankaccount.BankAccount.pending(BankAccount.java:37)
	at com.bankaccount.BankAccount.pending(BankAccount.java:37)
	at com.bankaccount.BankAccount.pending(BankAccount.java:37)
	at com.bankaccount.BankAccount.pending(BankAccount.java:37)
	at com.bankaccount.BankAccount.pending(BankAccount.java:37)
	at com.bankaccount.BankAccount.pending(BankAccount.java:37)
	at com.bankaccount.BankAccount.pending(BankAccount.java:37)
	at com.bankaccount.BankAccount.pending(BankAccount.java:37)
	at com.bankaccount.BankAccount.pending(BankAccount.java:37)
	at com.bankaccount.BankAccount.pending(BankAccount.java:37)
	at com.bankaccount.BankAccount.pending(BankAccount.java:37)
	at com.bankaccount.BankAccount.pending(BankAccount.java:37)
	at com.bankaccount.BankAccount.pending(BankAccount.java:37)
	at com.bankaccount.BankAccount.pending(BankAccount.java:37)
	at com.bankaccount.BankAccount.pending(BankAccount.java:37)
	at com.bankaccount.BankAccount.pending(BankAccount.java:37)
	at com.bankaccount.BankAccount.pending(BankAccount.java:37)
	at com.bankaccount.BankAccount.pending(BankAccount.java:37)
	at com.bankaccount.BankAccount.pending(BankAccount.java:37)
	at com.bankaccount.BankAccount.pending(BankAccount.java:37)
	at com.bankaccount.BankAccount.pending(BankAccount.java:37)
	at com.bankaccount.BankAccount.pending(BankAccount.java:37)
	at com.bankaccount.BankAccount.pending(BankAccount.java:37)
	at com.bankaccount.BankAccount.pending(BankAccount.java:37)
	at com.bankaccount.BankAccount.pending(BankAccount.java:37)
	at com.bankaccount.BankAccount.pending(BankAccount.java:37)
	at com.bankaccount.BankAccount.pending(BankAccount.java:37)
	at com.bankaccount.BankAccount.pending(BankAccount.java:37)
	at com.bankaccount.BankAccount.pending(BankAccount.java:37)
	at com.bankaccount.BankAccount.pending(BankAccount.java:37)
	at com.bankaccount.BankAccount.pending(BankAccount.java:37)
	at com.bankaccount.BankAccount.pending(BankAccount.java:37)
	at com.bankaccount.BankAccount.pending(BankAccount.java:37)
	at com.bankaccount.BankAccount.pending(BankAccount.java:37)
	at com.bankaccount.BankAccount.pending(BankAccount.java:37)
	at com.bankaccount.BankAccount.pending(BankAccount.java:37)
	at com.bankaccount.BankAccount.pending(BankAccount.java:37)
	at com.bankaccount.BankAccount.pending(BankAccount.java:37)
	at com.bankaccount.BankAccount.pending(BankAccount.java:37)
	at com.bankaccount.BankAccount.pending(BankAccount.java:37)
	at com.bankaccount.BankAccount.pending(BankAccount.java:37)
	at com.bankaccount.BankAccount.pending(BankAccount.java:37)
	at com.bankaccount.BankAccount.pending(BankAccount.java:37)
	at com.bankaccount.BankAccount.pending(BankAccount.java:37)
	at com.bankaccount.BankAccount.pending(BankAccount.java:37)
	at com.bankaccount.BankAccount.pending(BankAccount.java:37)
	at com.bankaccount.BankAccount.pending(BankAccount.java:37)
	at com.bankaccount.BankAccount.pending(BankAccount.java:37)
	at com.bankaccount.BankAccount.pending(BankAccount.java:37)
	at com.bankaccount.BankAccount.pending(BankAccount.java:37)
	at com.bankaccount.BankAccount.pending(BankAccount.java:37)
	at com.bankaccount.BankAccount.pending(BankAccount.java:37)
	at com.bankaccount.BankAccount.pending(BankAccount.java:37)
	at com.bankaccount.BankAccount.pending(BankAccount.java:37)
	at com.bankaccount.BankAccount.pending(BankAccount.java:37)
	at com.bankaccount.BankAccount.pending(BankAccount.java:37)
	at com.bankaccount.BankAccount.pending(BankAccount.java:37)
	at com.bankaccount.BankAccount.pending(BankAccount.java:37)
	at com.bankaccount.BankAccount.pending(BankAccount.java:37)
	at com.bankaccount.BankAccount.pending(BankAccount.java:37)
	at com.bankaccount.BankAccount.pending(BankAccount.java:37)
	at com.bankaccount.BankAccount.pending(BankAccount.java:37)
	at com.bankaccount.BankAccount.pending(BankAccount.java:37)
	at com.bankaccount.BankAccount.pending(BankAccount.java:37)
	at com.bankaccount.BankAccount.pending(BankAccount.java:37)
	at com.bankaccount.BankAccount.pending(BankAccount.java:37)
	at com.bankaccount.BankAccount.pending(BankAccount.java:37)
	at com.bankaccount.BankAccount.pending(BankAccount.java:37)
	at com.bankaccount.BankAccount.pending(BankAccount.java:37)
	at com.bankaccount.BankAccount.pending(BankAccount.java:37)
	at com.bankaccount.BankAccount.pending(BankAccount.java:37)
	at com.bankaccount.BankAccount.pending(BankAccount.java:37)
	at com.bankaccount.BankAccount.pending(BankAccount.java:37)
	at com.bankaccount.BankAccount.pending(BankAccount.java:37)
	at com.bankaccount.BankAccount.pending(BankAccount.java:37)
	at com.bankaccount.BankAccount.pending(BankAccount.java:37)
	at com.bankaccount.BankAccount.pending(BankAccount.java:37)
	at com.bankaccount.BankAccount.pending(BankAccount.java:37)
	at com.bankaccount.BankAccount.pending(BankAccount.java:37)
	at com.bankaccount.BankAccount.pending(BankAccount.java:37)
	at com.bankaccount.BankAccount.pending(BankAccount.java:37)
	at com.bankaccount.BankAccount.pending(BankAccount.java:37)
	at com.bankaccount.BankAccount.pending(BankAccount.java:37)
	at com.bankaccount.BankAccount.pending(BankAccount.java:37)
	at com.bankaccount.BankAccount.pending(BankAccount.java:37)
	at com.bankaccount.BankAccount.pending(BankAccount.java:37)
	at com.bankaccount.BankAccount.pending(BankAccount.java:37)
	at com.bankaccount.BankAccount.pending(BankAccount.java:37)
	at com.bankaccount.BankAccount.pending(BankAccount.java:37)
	at com.bankaccount.BankAccount.pending(BankAccount.java:37)
	at com.bankaccount.BankAccount.pending(BankAccount.java:37)
	at com.bankaccount.BankAccount.pending(BankAccount.java:37)
	at com.bankaccount.BankAccount.pending(BankAccount.java:37)
	at com.bankaccount.BankAccount.pending(BankAccount.java:37)
	at com.bankaccount.BankAccount.pending(BankAccount.java:37)
	at com.bankaccount.BankAccount.pending(BankAccount.java:37)
	at com.bankaccount.BankAccount.pending(BankAccount.java:37)
	at com.bankaccount.BankAccount.pending(BankAccount.java:37)
	at com.bankaccount.BankAccount.pending(BankAccount.java:37)
	at com.bankaccount.BankAccount.pending(BankAccount.java:37)
	at com.bankaccount.BankAccount.pending(BankAccount.java:37)
	at com.bankaccount.BankAccount.pending(BankAccount.java:37)
	at com.bankaccount.BankAccount.pending(BankAccount.java:37)
	at com.bankaccount.BankAccount.pending(BankAccount.java:37)
	at com.bankaccount.BankAccount.pending(BankAccount.java:37)
	at com.bankaccount.BankAccount.pending(BankAccount.java:37)
	at com.bankaccount.BankAccount.pending(BankAccount.java:37)
	at com.bankaccount.BankAccount.pending(BankAccount.java:37)
	at com.bankaccount.BankAccount.pending(BankAccount.java:37)
	at com.bankaccount.BankAccount.pending(BankAccount.java:37)
	at com.bankaccount.BankAccount.pending(BankAccount.java:37)
	at com.bankaccount.BankAccount.pending(BankAccount.java:37)
	at com.bankaccount.BankAccount.pending(BankAccount.java:37)
	at com.bankaccount.BankAccount.pending(BankAccount.java:37)
	at com.bankaccount.BankAccount.pending(BankAccount.java:37)
	at com.bankaccount.BankAccount.pending(BankAccount.java:37)
	at com.bankaccount.BankAccount.pending(BankAccount.java:37)
	at com.bankaccount.BankAccount.pending(BankAccount.java:37)
	at com.bankaccount.BankAccount.pending(BankAccount.java:37)
	at com.bankaccount.BankAccount.pending(BankAccount.java:37)
	at com.bankaccount.BankAccount.pending(BankAccount.java:37)
	at com.bankaccount.BankAccount.pending(BankAccount.java:37)
	at com.bankaccount.BankAccount.pending(BankAccount.java:37)
	at com.bankaccount.BankAccount.pending(BankAccount.java:37)
	at com.bankaccount.BankAccount.pending(BankAccount.java:37)
	at com.bankaccount.BankAccount.pending(BankAccount.java:37)
	at com.bankaccount.BankAccount.pending(BankAccount.java:37)
	at com.bankaccount.BankAccount.pending(BankAccount.java:37)
	at com.bankaccount.BankAccount.pending(BankAccount.java:37)
	at com.bankaccount.BankAccount.pending(BankAccount.java:37)
	at com.bankaccount.BankAccount.pending(BankAccount.java:37)
	at com.bankaccount.BankAccount.pending(BankAccount.java:37)
	at com.bankaccount.BankAccount.pending(BankAccount.java:37)
	at com.bankaccount.BankAccount.pending(BankAccount.java:37)
	at com.bankaccount.BankAccount.pending(BankAccount.java:37)
	at com.bankaccount.BankAccount.pending(BankAccount.java:37)
	at com.bankaccount.BankAccount.pending(BankAccount.java:37)
	at com.bankaccount.BankAccount.pending(BankAccount.java:37)
	at com.bankaccount.BankAccount.pending(BankAccount.java:37)
	at com.bankaccount.BankAccount.pending(BankAccount.java:37)
	at com.bankaccount.BankAccount.pending(BankAccount.java:37)
	at com.bankaccount.BankAccount.pending(BankAccount.java:37)
	at com.bankaccount.BankAccount.pending(BankAccount.java:37)
	at com.bankaccount.BankAccount.pending(BankAccount.java:37)
	at com.bankaccount.BankAccount.pending(BankAccount.java:37)
	at com.bankaccount.BankAccount.pending(BankAccount.java:37)
	at com.bankaccount.BankAccount.pending(BankAccount.java:37)
	at com.bankaccount.BankAccount.pending(BankAccount.java:37)
	at com.bankaccount.BankAccount.pending(BankAccount.java:37)
	at com.bankaccount.BankAccount.pending(BankAccount.java:37)
	at com.bankaccount.BankAccount.pending(BankAccount.java:37)
	at com.bankaccount.BankAccount.pending(BankAccount.java:37)
	at com.bankaccount.BankAccount.pending(BankAccount.java:37)
	at com.bankaccount.BankAccount.pending(BankAccount.java:37)
	at com.bankaccount.BankAccount.pending(BankAccount.java:37)
	at com.bankaccount.BankAccount.pending(BankAccount.java:37)
	at com.bankaccount.BankAccount.pending(BankAccount.java:37)
	at com.bankaccount.BankAccount.pending(BankAccount.java:37)
	at com.bankaccount.BankAccount.pending(BankAccount.java:37)
	at com.bankaccount.BankAccount.pending(BankAccount.java:37)
	at com.bankaccount.BankAccount.pending(BankAccount.java:37)
	at com.bankaccount.BankAccount.pending(BankAccount.java:37)
	at com.bankaccount.BankAccount.pending(BankAccount.java:37)
	at com.bankaccount.BankAccount.pending(BankAccount.java:37)
	at com.bankaccount.BankAccount.pending(BankAccount.java:37)
	at com.bankaccount.BankAccount.pending(BankAccount.java:37)
	at com.bankaccount.BankAccount.pending(BankAccount.java:37)
	at com.bankaccount.BankAccount.pending(BankAccount.java:37)
	at com.bankaccount.BankAccount.pending(BankAccount.java:37)
	at com.bankaccount.BankAccount.pending(BankAccount.java:37)
	at com.bankaccount.BankAccount.pending(BankAccount.java:37)
	at com.bankaccount.BankAccount.pending(BankAccount.java:37)
	at com.bankaccount.BankAccount.pending(BankAccount.java:37)
	at com.bankaccount.BankAccount.pending(BankAccount.java:37)
	at com.bankaccount.BankAccount.pending(BankAccount.java:37)
	at com.bankaccount.BankAccount.pending(BankAccount.java:37)
	at com.bankaccount.BankAccount.pending(BankAccount.java:37)
	at com.bankaccount.BankAccount.pending(BankAccount.java:37)
	at com.bankaccount.BankAccount.pending(BankAccount.java:37)
	at com.bankaccount.BankAccount.pending(BankAccount.java:37)
	at com.bankaccount.BankAccount.pending(BankAccount.java:37)
	at com.bankaccount.BankAccount.pending(BankAccount.java:37)
	at com.bankaccount.BankAccount.pending(BankAccount.java:37)
	at com.bankaccount.BankAccount.pending(BankAccount.java:37)
	at com.bankaccount.BankAccount.pending(BankAccount.java:37)
	at com.bankaccount.BankAccount.pending(BankAccount.java:37)
	at com.bankaccount.BankAccount.pending(BankAccount.java:37)
	at com.bankaccount.BankAccount.pending(BankAccount.java:37)
	at com.bankaccount.BankAccount.pending(BankAccount.java:37)
	at com.bankaccount.BankAccount.pending(BankAccount.java:37)
	at com.bankaccount.BankAccount.pending(BankAccount.java:37)
	at com.bankaccount.BankAccount.pending(BankAccount.java:37)
	at com.bankaccount.BankAccount.pending(BankAccount.java:37)
	at com.bankaccount.BankAccount.pending(BankAccount.java:37)
	at com.bankaccount.BankAccount.pending(BankAccount.java:37)
	at com.bankaccount.BankAccount.pending(BankAccount.java:37)
	at com.bankaccount.BankAccount.pending(BankAccount.java:37)
	at com.bankaccount.BankAccount.pending(BankAccount.java:37)
	at com.bankaccount.BankAccount.pending(BankAccount.java:37)
	at com.bankaccount.BankAccount.pending(BankAccount.java:37)
	at com.bankaccount.BankAccount.pending(BankAccount.java:37)
	at com.bankaccount.BankAccount.pending(BankAccount.java:37)
	at com.bankaccount.BankAccount.pending(BankAccount.java:37)
	at com.bankaccount.BankAccount.pending(BankAccount.java:37)
	at com.bankaccount.BankAccount.pending(BankAccount.java:37)
	at com.bankaccount.BankAccount.pending(BankAccount.java:37)
	at com.bankaccount.BankAccount.pending(BankAccount.java:37)
	at com.bankaccount.BankAccount.pending(BankAccount.java:37)
	at com.bankaccount.BankAccount.pending(BankAccount.java:37)
	at com.bankaccount.BankAccount.pending(BankAccount.java:37)
	at com.bankaccount.BankAccount.pending(BankAccount.java:37)
	at com.bankaccount.BankAccount.pending(BankAccount.java:37)
	at com.bankaccount.BankAccount.pending(BankAccount.java:37)
	at com.bankaccount.BankAccount.pending(BankAccount.java:37)
	at com.bankaccount.BankAccount.pending(BankAccount.java:37)
	at com.bankaccount.BankAccount.pending(BankAccount.java:37)
	at com.bankaccount.BankAccount.pending(BankAccount.java:37)
	at com.bankaccount.BankAccount.pending(BankAccount.java:37)
	at com.bankaccount.BankAccount.pending(BankAccount.java:37)
	at com.bankaccount.BankAccount.pending(BankAccount.java:37)
	at com.bankaccount.BankAccount.pending(BankAccount.java:37)
	at com.bankaccount.BankAccount.pending(BankAccount.java:37)
	at com.bankaccount.BankAccount.pending(BankAccount.java:37)
	at com.bankaccount.BankAccount.pending(BankAccount.java:37)
	at com.bankaccount.BankAccount.pending(BankAccount.java:37)
	at com.bankaccount.BankAccount.pending(BankAccount.java:37)
	at com.bankaccount.BankAccount.pending(BankAccount.java:37)
	at com.bankaccount.BankAccount.pending(BankAccount.java:37)
	at com.bankaccount.BankAccount.pending(BankAccount.java:37)
	at com.bankaccount.BankAccount.pending(BankAccount.java:37)
	at com.bankaccount.BankAccount.pending(BankAccount.java:37)
	at com.bankaccount.BankAccount.pending(BankAccount.java:37)
	at com.bankaccount.BankAccount.pending(BankAccount.java:37)
	at com.bankaccount.BankAccount.pending(BankAccount.java:37)
	at com.bankaccount.BankAccount.pending(BankAccount.java:37)
	at com.bankaccount.BankAccount.pending(BankAccount.java:37)
	at com.bankaccount.BankAccount.pending(BankAccount.java:37)
	at com.bankaccount.BankAccount.pending(BankAccount.java:37)
	at com.bankaccount.BankAccount.pending(BankAccount.java:37)
	at com.bankaccount.BankAccount.pending(BankAccount.java:37)
	at com.bankaccount.BankAccount.pending(BankAccount.java:37)
	at com.bankaccount.BankAccount.pending(BankAccount.java:37)
	at com.bankaccount.BankAccount.pending(BankAccount.java:37)
	at com.bankaccount.BankAccount.pending(BankAccount.java:37)
	at com.bankaccount.BankAccount.pending(BankAccount.java:37)
	at com.bankaccount.BankAccount.pending(BankAccount.java:37)
	at com.bankaccount.BankAccount.pending(BankAccount.java:37)
	at com.bankaccount.BankAccount.pending(BankAccount.java:37)
	at com.bankaccount.BankAccount.pending(BankAccount.java:37)
	at com.bankaccount.BankAccount.pending(BankAccount.java:37)
	at com.bankaccount.BankAccount.pending(BankAccount.java:37)
	at com.bankaccount.BankAccount.pending(BankAccount.java:37)
	at com.bankaccount.BankAccount.pending(BankAccount.java:37)
	at com.bankaccount.BankAccount.pending(BankAccount.java:37)
	at com.bankaccount.BankAccount.pending(BankAccount.java:37)
	at com.bankaccount.BankAccount.pending(BankAccount.java:37)
	at com.bankaccount.BankAccount.pending(BankAccount.java:37)
	at com.bankaccount.BankAccount.pending(BankAccount.java:37)
	at com.bankaccount.BankAccount.pending(BankAccount.java:37)
	at com.bankaccount.BankAccount.pending(BankAccount.java:37)
	at com.bankaccount.BankAccount.pending(BankAccount.java:37)
	at com.bankaccount.BankAccount.pending(BankAccount.java:37)
	at com.bankaccount.BankAccount.pending(BankAccount.java:37)
	at com.bankaccount.BankAccount.pending(BankAccount.java:37)
	at com.bankaccount.BankAccount.pending(BankAccount.java:37)
	at com.bankaccount.BankAccount.pending(BankAccount.java:37)
	at com.bankaccount.BankAccount.pending(BankAccount.java:37)
	at com.bankaccount.BankAccount.pending(BankAccount.java:37)
	at com.bankaccount.BankAccount.pending(BankAccount.java:37)
	at com.bankaccount.BankAccount.pending(BankAccount.java:37)
	at com.bankaccount.BankAccount.pending(BankAccount.java:37)
	at com.bankaccount.BankAccount.pending(BankAccount.java:37)
	at com.bankaccount.BankAccount.pending(BankAccount.java:37)
	at com.bankaccount.BankAccount.pending(BankAccount.java:37)
	at com.bankaccount.BankAccount.pending(BankAccount.java:37)
	at com.bankaccount.BankAccount.pending(BankAccount.java:37)
	at com.bankaccount.BankAccount.pending(BankAccount.java:37)
	at com.bankaccount.BankAccount.pending(BankAccount.java:37)
	at com.bankaccount.BankAccount.pending(BankAccount.java:37)
	at com.bankaccount.BankAccount.pending(BankAccount.java:37)
	at com.bankaccount.BankAccount.pending(BankAccount.java:37)
	at com.bankaccount.BankAccount.pending(BankAccount.java:37)
	at com.bankaccount.BankAccount.pending(BankAccount.java:37)
	at com.bankaccount.BankAccount.pending(BankAccount.java:37)
	at com.bankaccount.BankAccount.pending(BankAccount.java:37)
	at com.bankaccount.BankAccount.pending(BankAccount.java:37)
	at com.bankaccount.BankAccount.pending(BankAccount.java:37)
	at com.bankaccount.BankAccount.pending(BankAccount.java:37)
	at com.bankaccount.BankAccount.pending(BankAccount.java:37)
	at com.bankaccount.BankAccount.pending(BankAccount.java:37)
	at com.bankaccount.BankAccount.pending(BankAccount.java:37)
	at com.bankaccount.BankAccount.pending(BankAccount.java:37)
	at com.bankaccount.BankAccount.pending(BankAccount.java:37)
	at com.bankaccount.BankAccount.pending(BankAccount.java:37)
	at com.bankaccount.BankAccount.pending(BankAccount.java:37)
	at com.bankaccount.BankAccount.pending(BankAccount.java:37)
	at com.bankaccount.BankAccount.pending(BankAccount.java:37)
	at com.bankaccount.BankAccount.pending(BankAccount.java:37)
	at com.bankaccount.BankAccount.pending(BankAccount.java:37)
	at com.bankaccount.BankAccount.pending(BankAccount.java:37)
	at com.bankaccount.BankAccount.pending(BankAccount.java:37)
	at com.bankaccount.BankAccount.pending(BankAccount.java:37)
	at com.bankaccount.BankAccount.pending(BankAccount.java:37)
	at com.bankaccount.BankAccount.pending(BankAccount.java:37)
	at com.bankaccount.BankAccount.pending(BankAccount.java:37)
	at com.bankaccount.BankAccount.pending(BankAccount.java:37)
	at com.bankaccount.BankAccount.pending(BankAccount.java:37)
	at com.bankaccount.BankAccount.pending(BankAccount.java:37)
	at com.bankaccount.BankAccount.pending(BankAccount.java:37)
	at com.bankaccount.BankAccount.pending(BankAccount.java:37)
	at com.bankaccount.BankAccount.pending(BankAccount.java:37)
	at com.bankaccount.BankAccount.pending(BankAccount.java:37)
	at com.bankaccount.BankAccount.pending(BankAccount.java:37)
	at com.bankaccount.BankAccount.pending(BankAccount.java:37)
	at com.bankaccount.BankAccount.pending(BankAccount.java:37)
	at com.bankaccount.BankAccount.pending(BankAccount.java:37)
	at com.bankaccount.BankAccount.pending(BankAccount.java:37)
	at com.bankaccount.BankAccount.pending(BankAccount.java:37)
	at com.bankaccount.BankAccount.pending(BankAccount.java:37)
	at com.bankaccount.BankAccount.pending(BankAccount.java:37)
	at com.bankaccount.BankAccount.pending(BankAccount.java:37)
	at com.bankaccount.BankAccount.pending(BankAccount.java:37)
	at com.bankaccount.BankAccount.pending(BankAccount.java:37)
	at com.bankaccount.BankAccount.pending(BankAccount.java:37)
	at com.bankaccount.BankAccount.pending(BankAccount.java:37)
	at com.bankaccount.BankAccount.pending(BankAccount.java:37)
	at com.bankaccount.BankAccount.pending(BankAccount.java:37)
	at com.bankaccount.BankAccount.pending(BankAccount.java:37)
	at com.bankaccount.BankAccount.pending(BankAccount.java:37)
	at com.bankaccount.BankAccount.pending(BankAccount.java:37)
	at com.bankaccount.BankAccount.pending(BankAccount.java:37)
	at com.bankaccount.BankAccount.pending(BankAccount.java:37)
	at com.bankaccount.BankAccount.pending(BankAccount.java:37)
	at com.bankaccount.BankAccount.pending(BankAccount.java:37)
	at com.bankaccount.BankAccount.pending(BankAccount.java:37)
	at com.bankaccount.BankAccount.pending(BankAccount.java:37)
	at com.bankaccount.BankAccount.pending(BankAccount.java:37)
	at com.bankaccount.BankAccount.pending(BankAccount.java:37)
	at com.bankaccount.BankAccount.pending(BankAccount.java:37)
	at com.bankaccount.BankAccount.pending(BankAccount.java:37)
	at com.bankaccount.BankAccount.pending(BankAccount.java:37)
	at com.bankaccount.BankAccount.pending(BankAccount.java:37)
	at com.bankaccount.BankAccount.pending(BankAccount.java:37)
	at com.bankaccount.BankAccount.pending(BankAccount.java:37)
	at com.bankaccount.BankAccount.pending(BankAccount.java:37)
	at com.bankaccount.BankAccount.pending(BankAccount.java:37)
	at com.bankaccount.BankAccount.pending(BankAccount.java:37)
	at com.bankaccount.BankAccount.pending(BankAccount.java:37)
	at com.bankaccount.BankAccount.pending(BankAccount.java:37)
	at com.bankaccount.BankAccount.pending(BankAccount.java:37)
	at com.bankaccount.BankAccount.pending(BankAccount.java:37)
	at com.bankaccount.BankAccount.pending(BankAccount.java:37)
	at com.bankaccount.BankAccount.pending(BankAccount.java:37)
	at com.bankaccount.BankAccount.pending(BankAccount.java:37)
	at com.bankaccount.BankAccount.pending(BankAccount.java:37)
	at com.bankaccount.BankAccount.pending(BankAccount.java:37)
	at com.bankaccount.BankAccount.pending(BankAccount.java:37)
	at com.bankaccount.BankAccount.pending(BankAccount.java:37)
	at com.bankaccount.BankAccount.pending(BankAccount.java:37)
	at com.bankaccount.BankAccount.pending(BankAccount.java:37)
	at com.bankaccount.BankAccount.pending(BankAccount.java:37)
	at com.bankaccount.BankAccount.pending(BankAccount.java:37)
	at com.bankaccount.BankAccount.pending(BankAccount.java:37)
	at com.bankaccount.BankAccount.pending(BankAccount.java:37)
	at com.bankaccount.BankAccount.pending(BankAccount.java:37)
	at com.bankaccount.BankAccount.pending(BankAccount.java:37)
	at com.bankaccount.BankAccount.pending(BankAccount.java:37)
	at com.bankaccount.BankAccount.pending(BankAccount.java:37)
	at com.bankaccount.BankAccount.pending(BankAccount.java:37)
	at com.bankaccount.BankAccount.pending(BankAccount.java:37)
	at com.bankaccount.BankAccount.pending(BankAccount.java:37)
	at com.bankaccount.BankAccount.pending(BankAccount.java:37)
	at com.bankaccount.BankAccount.pending(BankAccount.java:37)
	at com.bankaccount.BankAccount.pending(BankAccount.java:37)
	at com.bankaccount.BankAccount.pending(BankAccount.java:37)
	at com.bankaccount.BankAccount.pending(BankAccount.java:37)
	at com.bankaccount.BankAccount.pending(BankAccount.java:37)
	at com.bankaccount.BankAccount.pending(BankAccount.java:37)
	at com.bankaccount.BankAccount.pending(BankAccount.java:37)
	at com.bankaccount.BankAccount.pending(BankAccount.java:37)
	at com.bankaccount.BankAccount.pending(BankAccount.java:37)
	at com.bankaccount.BankAccount.pending(BankAccount.java:37)
	at com.bankaccount.BankAccount.pending(BankAccount.java:37)
	at com.bankaccount.BankAccount.pending(BankAccount.java:37)
	at com.bankaccount.BankAccount.pending(BankAccount.java:37)
	at com.bankaccount.BankAccount.pending(BankAccount.java:37)
	at com.bankaccount.BankAccount.pending(BankAccount.java:37)
	at com.bankaccount.BankAccount.pending(BankAccount.java:37)
	at com.bankaccount.BankAccount.pending(BankAccount.java:37)
	at com.bankaccount.BankAccount.pending(BankAccount.java:37)
	at com.bankaccount.BankAccount.pending(BankAccount.java:37)
	at com.bankaccount.BankAccount.pending(BankAccount.java:37)
	at com.bankaccount.BankAccount.pending(BankAccount.java:37)
	at com.bankaccount.BankAccount.pending(BankAccount.java:37)
	at com.bankaccount.BankAccount.pending(BankAccount.java:37)
	at com.bankaccount.BankAccount.pending(BankAccount.java:37)
	at com.bankaccount.BankAccount.pending(BankAccount.java:37)
	at com.bankaccount.BankAccount.pending(BankAccount.java:37)
	at com.bankaccount.BankAccount.pending(BankAccount.java:37)
	at com.bankaccount.BankAccount.pending(BankAccount.java:37)
	at com.bankaccount.BankAccount.pending(BankAccount.java:37)
	at com.bankaccount.BankAccount.pending(BankAccount.java:37)
	at com.bankaccount.BankAccount.pending(BankAccount.java:37)
	at com.bankaccount.BankAccount.pending(BankAccount.java:37)
	at com.bankaccount.BankAccount.pending(BankAccount.java:37)
	at com.bankaccount.BankAccount.pending(BankAccount.java:37)
	at com.bankaccount.BankAccount.pending(BankAccount.java:37)
	at com.bankaccount.BankAccount.pending(BankAccount.java:37)
	at com.bankaccount.BankAccount.pending(BankAccount.java:37)
	at com.bankaccount.BankAccount.pending(BankAccount.java:37)
	at com.bankaccount.BankAccount.pending(BankAccount.java:37)
	at com.bankaccount.BankAccount.pending(BankAccount.java:37)
	at com.bankaccount.BankAccount.pending(BankAccount.java:37)
	at com.bankaccount.BankAccount.pending(BankAccount.java:37)
	at com.bankaccount.BankAccount.pending(BankAccount.java:37)
	at com.bankaccount.BankAccount.pending(BankAccount.java:37)
	at com.bankaccount.BankAccount.pending(BankAccount.java:37)
	at com.bankaccount.BankAccount.pending(BankAccount.java:37)
	at com.bankaccount.BankAccount.pending(BankAccount.java:37)
	at com.bankaccount.BankAccount.pending(BankAccount.java:37)
	at com.bankaccount.BankAccount.pending(BankAccount.java:37)
	at com.bankaccount.BankAccount.pending(BankAccount.java:37)
	at com.bankaccount.BankAccount.pending(BankAccount.java:37)
	at com.bankaccount.BankAccount.pending(BankAccount.java:37)
	at com.bankaccount.BankAccount.pending(BankAccount.java:37)
	at com.bankaccount.BankAccount.pending(BankAccount.java:37)
	at com.bankaccount.BankAccount.pending(BankAccount.java:37)
	at com.bankaccount.BankAccount.pending(BankAccount.java:37)
	at com.bankaccount.BankAccount.pending(BankAccount.java:37)
	at com.bankaccount.BankAccount.pending(BankAccount.java:37)
	at com.bankaccount.BankAccount.pending(BankAccount.java:37)
	at com.bankaccount.BankAccount.pending(BankAccount.java:37)
	at com.bankaccount.BankAccount.pending(BankAccount.java:37)
	at com.bankaccount.BankAccount.pending(BankAccount.java:37)
	at com.bankaccount.BankAccount.pending(BankAccount.java:37)
	at com.bankaccount.BankAccount.pending(BankAccount.java:37)
	at com.bankaccount.BankAccount.pending(BankAccount.java:37)
	at com.bankaccount.BankAccount.pending(BankAccount.java:37)
	at com.bankaccount.BankAccount.pending(BankAccount.java:37)
	at com.bankaccount.BankAccount.pending(BankAccount.java:37)
	at com.bankaccount.BankAccount.pending(BankAccount.java:37)
	at com.bankaccount.BankAccount.pending(BankAccount.java:37)
	at com.bankaccount.BankAccount.pending(BankAccount.java:37)
	at com.bankaccount.BankAccount.pending(BankAccount.java:37)
	at com.bankaccount.BankAccount.pending(BankAccount.java:37)
	at com.bankaccount.BankAccount.pending(BankAccount.java:37)
	at com.bankaccount.BankAccount.pending(BankAccount.java:37)
	at com.bankaccount.BankAccount.pending(BankAccount.java:37)
	at com.bankaccount.BankAccount.pending(BankAccount.java:37)
	at com.bankaccount.BankAccount.pending(BankAccount.java:37)
	at com.bankaccount.BankAccount.pending(BankAccount.java:37)
	at com.bankaccount.BankAccount.pending(BankAccount.java:37)
	at com.bankaccount.BankAccount.pending(BankAccount.java:37)
	at com.bankaccount.BankAccount.pending(BankAccount.java:37)
	at com.bankaccount.BankAccount.pending(BankAccount.java:37)
	at com.bankaccount.BankAccount.pending(BankAccount.java:37)
	at com.bankaccount.BankAccount.pending(BankAccount.java:37)
	at com.bankaccount.BankAccount.pending(BankAccount.java:37)
	at com.bankaccount.BankAccount.pending(BankAccount.java:37)
	at com.bankaccount.BankAccount.pending(BankAccount.java:37)
	at com.bankaccount.BankAccount.pending(BankAccount.java:37)
	at com.bankaccount.BankAccount.pending(BankAccount.java:37)
	at com.bankaccount.BankAccount.pending(BankAccount.java:37)
	at com.bankaccount.BankAccount.pending(BankAccount.java:37)
	at com.bankaccount.BankAccount.pending(BankAccount.java:37)
	at com.bankaccount.BankAccount.pending(BankAccount.java:37)
	at com.bankaccount.BankAccount.pending(BankAccount.java:37)
	at com.bankaccount.BankAccount.pending(BankAccount.java:37)
	at com.bankaccount.BankAccount.pending(BankAccount.java:37)
	at com.bankaccount.BankAccount.pending(BankAccount.java:37)
	at com.bankaccount.BankAccount.pending(BankAccount.java:37)
	at com.bankaccount.BankAccount.pending(BankAccount.java:37)
	at com.bankaccount.BankAccount.pending(BankAccount.java:37)
	at com.bankaccount.BankAccount.pending(BankAccount.java:37)
	at com.bankaccount.BankAccount.pending(BankAccount.java:37)
	at com.bankaccount.BankAccount.pending(BankAccount.java:37)
	at com.bankaccount.BankAccount.pending(BankAccount.java:37)
	at com.bankaccount.BankAccount.pending(BankAccount.java:37)
	at com.bankaccount.BankAccount.pending(BankAccount.java:37)
	at com.bankaccount.BankAccount.pending(BankAccount.java:37)
	at com.bankaccount.BankAccount.pending(BankAccount.java:37)
	at com.bankaccount.BankAccount.pending(BankAccount.java:37)
	at com.bankaccount.BankAccount.pending(BankAccount.java:37)
	at com.bankaccount.BankAccount.pending(BankAccount.java:37)
	at com.bankaccount.BankAccount.pending(BankAccount.java:37)
	at com.bankaccount.BankAccount.pending(BankAccount.java:37)
	at com.bankaccount.BankAccount.pending(BankAccount.java:37)
	at com.bankaccount.BankAccount.pending(BankAccount.java:37)
	at com.bankaccount.BankAccount.pending(BankAccount.java:37)
	at com.bankaccount.BankAccount.pending(BankAccount.java:37)
	at com.bankaccount.BankAccount.pending(BankAccount.java:37)
	at com.bankaccount.BankAccount.pending(BankAccount.java:37)
	at com.bankaccount.BankAccount.pending(BankAccount.java:37)
	at com.bankaccount.BankAccount.pending(BankAccount.java:37)
	at com.bankaccount.BankAccount.pending(BankAccount.java:37)
	at com.bankaccount.BankAccount.pending(BankAccount.java:37)
	at com.bankaccount.BankAccount.pending(BankAccount.java:37)
	at com.bankaccount.BankAccount.pending(BankAccount.java:37)
	at com.bankaccount.BankAccount.pending(BankAccount.java:37)
	at com.bankaccount.BankAccount.pending(BankAccount.java:37)
	at com.bankaccount.BankAccount.pending(BankAccount.java:37)
	at com.bankaccount.BankAccount.pending(BankAccount.java:37)
	at com.bankaccount.BankAccount.pending(BankAccount.java:37)
	at com.bankaccount.BankAccount.pending(BankAccount.java:37)
	at com.bankaccount.BankAccount.pending(BankAccount.java:37)
	at com.bankaccount.BankAccount.pending(BankAccount.java:37)
	at com.bankaccount.BankAccount.pending(BankAccount.java:37)
	at com.bankaccount.BankAccount.pending(BankAccount.java:37)
	at com.bankaccount.BankAccount.pending(BankAccount.java:37)
	at com.bankaccount.BankAccount.pending(BankAccount.java:37)
	at com.bankaccount.BankAccount.pending(BankAccount.java:37)
	at com.bankaccount.BankAccount.pending(BankAccount.java:37)
	at com.bankaccount.BankAccount.pending(BankAccount.java:37)
	at com.bankaccount.BankAccount.pending(BankAccount.java:37)
	at com.bankaccount.BankAccount.pending(BankAccount.java:37)
	at com.bankaccount.BankAccount.pending(BankAccount.java:37)
	at com.bankaccount.BankAccount.pending(BankAccount.java:37)
	at com.bankaccount.BankAccount.pending(BankAccount.java:37)
	at com.bankaccount.BankAccount.pending(BankAccount.java:37)
	at com.bankaccount.BankAccount.pending(BankAccount.java:37)
	at com.bankaccount.BankAccount.pending(BankAccount.java:37)
	at com.bankaccount.BankAccount.pending(BankAccount.java:37)
	at com.bankaccount.BankAccount.pending(BankAccount.java:37)
	at com.bankaccount.BankAccount.pending(BankAccount.java:37)
	at com.bankaccount.BankAccount.pending(BankAccount.java:37)
	at com.bankaccount.BankAccount.pending(BankAccount.java:37)
	at com.bankaccount.BankAccount.pending(BankAccount.java:37)
	at com.bankaccount.BankAccount.pending(BankAccount.java:37)
	at com.bankaccount.BankAccount.pending(BankAccount.java:37)
	at com.bankaccount.BankAccount.pending(BankAccount.java:37)
	at com.bankaccount.BankAccount.pending(BankAccount.java:37)
	at com.bankaccount.BankAccount.pending(BankAccount.java:37)
	at com.bankaccount.BankAccount.pending(BankAccount.java:37)
	at com.bankaccount.BankAccount.pending(BankAccount.java:37)
	at com.bankaccount.BankAccount.pending(BankAccount.java:37)
	at com.bankaccount.BankAccount.pending(BankAccount.java:37)
	at com.bankaccount.BankAccount.pending(BankAccount.java:37)
	at com.bankaccount.BankAccount.pending(BankAccount.java:37)
	at com.bankaccount.BankAccount.pending(BankAccount.java:37)
	at com.bankaccount.BankAccount.pending(BankAccount.java:37)
	at com.bankaccount.BankAccount.pending(BankAccount.java:37)
	at com.bankaccount.BankAccount.pending(BankAccount.java:37)
	at com.bankaccount.BankAccount.pending(BankAccount.java:37)
	at com.bankaccount.BankAccount.pending(BankAccount.java:37)
	at com.bankaccount.BankAccount.pending(BankAccount.java:37)
	at com.bankaccount.BankAccount.pending(BankAccount.java:37)
	at com.bankaccount.BankAccount.pending(BankAccount.java:37)
	at com.bankaccount.BankAccount.pending(BankAccount.java:37)
	at com.bankaccount.BankAccount.pending(BankAccount.java:37)
	at com.bankaccount.BankAccount.pending(BankAccount.java:37)
	at com.bankaccount.BankAccount.pending(BankAccount.java:37)
	at com.bankaccount.BankAccount.pending(BankAccount.java:37)
	at com.bankaccount.BankAccount.pending(BankAccount.java:37)
	at com.bankaccount.BankAccount.pending(BankAccount.java:37)
	at com.bankaccount.BankAccount.pending(BankAccount.java:37)
	at com.bankaccount.BankAccount.pending(BankAccount.java:37)
	at com.bankaccount.BankAccount.pending(BankAccount.java:37)
	at com.bankaccount.BankAccount.pending(BankAccount.java:37)
	at com.bankaccount.BankAccount.pending(BankAccount.java:37)
	at com.bankaccount.BankAccount.pending(BankAccount.java:37)
	at com.bankaccount.BankAccount.pending(BankAccount.java:37)
	at com.bankaccount.BankAccount.pending(BankAccount.java:37)
	at com.bankaccount.BankAccount.pending(BankAccount.java:37)
	at com.bankaccount.BankAccount.pending(BankAccount.java:37)
	at com.bankaccount.BankAccount.pending(BankAccount.java:37)
	at com.bankaccount.BankAccount.pending(BankAccount.java:37)
	at com.bankaccount.BankAccount.pending(BankAccount.java:37)
	at com.bankaccount.BankAccount.pending(BankAccount.java:37)
	at com.bankaccount.BankAccount.pending(BankAccount.java:37)
	at com.bankaccount.BankAccount.pending(BankAccount.java:37)
	at com.bankaccount.BankAccount.pending(BankAccount.java:37)
	at com.bankaccount.BankAccount.pending(BankAccount.java:37)
	at com.bankaccount.BankAccount.pending(BankAccount.java:37)
	at com.bankaccount.BankAccount.pending(BankAccount.java:37)
	at com.bankaccount.BankAccount.pending(BankAccount.java:37)
	at com.bankaccount.BankAccount.pending(BankAccount.java:37)
	at com.bankaccount.BankAccount.pending(BankAccount.java:37)
	at com.bankaccount.BankAccount.pending(BankAccount.java:37)
	at com.bankaccount.BankAccount.pending(BankAccount.java:37)
	at com.bankaccount.BankAccount.pending(BankAccount.java:37)
	at com.bankaccount.BankAccount.pending(BankAccount.java:37)
	at com.bankaccount.BankAccount.pending(BankAccount.java:37)
	at com.bankaccount.BankAccount.pending(BankAccount.java:37)
	at com.bankaccount.BankAccount.pending(BankAccount.java:37)
	at com.bankaccount.BankAccount.pending(BankAccount.java:37)
	at com.bankaccount.BankAccount.pending(BankAccount.java:37)
	at com.bankaccount.BankAccount.pending(BankAccount.java:37)
	at com.bankaccount.BankAccount.pending(BankAccount.java:37)
	at com.bankaccount.BankAccount.pending(BankAccount.java:37)
	at com.bankaccount.BankAccount.pending(BankAccount.java:37)
	at com.bankaccount.BankAccount.pending(BankAccount.java:37)
	at com.bankaccount.BankAccount.pending(BankAccount.java:37)
	at com.bankaccount.BankAccount.pending(BankAccount.java:37)
	at com.bankaccount.BankAccount.pending(BankAccount.java:37)
	at com.bankaccount.BankAccount.pending(BankAccount.java:37)
	at com.bankaccount.BankAccount.pending(BankAccount.java:37)
	at com.bankaccount.BankAccount.pending(BankAccount.java:37)
	at com.bankaccount.BankAccount.pending(BankAccount.java:37)
	at com.bankaccount.BankAccount.pending(BankAccount.java:37)
	at com.bankaccount.BankAccount.pending(BankAccount.java:37)
	at com.bankaccount.BankAccount.pending(BankAccount.java:37)
	at com.bankaccount.BankAccount.pending(BankAccount.java:37)
]]></failure>
  </testcase>
  <testcase name="depositNegativeAmountThrowsIllegalArgumentException" classname="bankaccount.TestBank" time="0.001"/>
  <testcase name="paymentReturnCorrectValue" classname="bankaccount.TestBank" time="0.0"/>
  <testcase name="getBalanceReturn100" classname="bankaccount.TestBank" time="0.0"/>
  <testcase name="withdrawMoneyMoreThanBalanceShouldReturnFalse" classname="bankaccount.TestBank" time="0.001"/>
  <testcase name="paymentNegativeValuesThrowsIllegalArgumentException" classname="bankaccount.TestBank" time="0.001">
    <failure message="Expected java.lang.IllegalArgumentException to be thrown, but nothing was thrown." type="org.opentest4j.AssertionFailedError"><![CDATA[org.opentest4j.AssertionFailedError: Expected java.lang.IllegalArgumentException to be thrown, but nothing was thrown.
	at org.junit.jupiter.api.AssertionFailureBuilder.build(AssertionFailureBuilder.java:152)
	at org.junit.jupiter.api.AssertThrows.assertThrows(AssertThrows.java:73)
	at org.junit.jupiter.api.AssertThrows.assertThrows(AssertThrows.java:35)
	at org.junit.jupiter.api.Assertions.assertThrows(Assertions.java:3115)
	at bankaccount.TestBank.paymentNegativeValuesThrowsIllegalArgumentException(TestBank.java:96)
	at java.base/java.lang.reflect.Method.invoke(Method.java:578)
	at java.base/java.util.ArrayList.forEach(ArrayList.java:1511)
	at java.base/java.util.ArrayList.forEach(ArrayList.java:1511)
]]></failure>
  </testcase>
</testsuite>